<?xml version="1.0" encoding="UTF-8"?>
<testng-results ignored="0" total="1" passed="1" failed="0" skipped="0">
  <reporter-output>
  </reporter-output>
  <suite started-at="2023-07-18T09:10:07 IST" name="Default suite" finished-at="2023-07-18T09:10:19 IST" duration-ms="11804">
    <groups>
    </groups>
    <test started-at="2023-07-18T09:10:07 IST" name="Default test" finished-at="2023-07-18T09:10:19 IST" duration-ms="11804">
      <class name="Surumahubtest.CreateTest">
        <test-method is-config="true" signature="setup()[pri:0, instance:Surumahubtest.CreateTest@74751b3]" started-at="2023-07-18T09:10:07 IST" name="setup" finished-at="2023-07-18T09:10:12 IST" duration-ms="4616" status="PASS">
          <reporter-output>
          </reporter-output>
        </test-method> <!-- setup -->
        <test-method signature="register()[pri:0, instance:Surumahubtest.CreateTest@74751b3]" started-at="2023-07-18T09:10:12 IST" name="register" finished-at="2023-07-18T09:10:19 IST" duration-ms="7156" status="PASS">
          <reporter-output>
          </reporter-output>
        </test-method> <!-- register -->
      </class> <!-- Surumahubtest.CreateTest -->
    </test> <!-- Default test -->
  </suite> <!-- Default suite -->
</testng-results>
